<?xml version="1.0" encoding="UTF-8"?>
<!-- Generated by org.testng.reporters.JUnitReportReporter -->
<testsuite hostname="Nandha" failures="0" tests="1" name="nandha.tests.flipkartBaseTest" time="55.014" errors="0" timestamp="2024-08-15T19:19:00 IST" skipped="0">
  <testcase classname="nandha.tests.flipkartBaseTest" name="submitOrder" time="55.014"/>
  <system-out/>
</testsuite> <!-- nandha.tests.flipkartBaseTest -->
